#
# There is insufficient memory for the Java Runtime Environment to continue.
# Native memory allocation (malloc) failed to allocate 4092 bytes for AllocateHeap
# Possible reasons:
#   The system is out of physical RAM or swap space
#   In 32 bit mode, the process size limit was hit
# Possible solutions:
#   Reduce memory load on the system
#   Increase physical memory or swap space
#   Check if swap backing store is full
#   Use 64 bit Java on a 64 bit OS
#   Decrease Java heap size (-Xmx/-Xms)
#   Decrease number of Java threads
#   Decrease Java thread stack sizes (-Xss)
#   Set larger code cache with -XX:ReservedCodeCacheSize=
# This output file may be truncated or incomplete.
#
#  Out of Memory Error (memory/allocation.inline.hpp:61), pid=10528, tid=8816
#
# JRE version: Java(TM) SE Runtime Environment (7.0_71-b14) (build 1.7.0_71-b14)
# Java VM: Java HotSpot(TM) Client VM (24.71-b01 mixed mode, sharing windows-x86 )
# Failed to write core dump. Minidumps are not enabled by default on client versions of Windows
#

---------------  T H R E A D  ---------------

Current thread (0x029de000):  VMThread [stack: 0x04c00000,0x04c50000] [id=8816]

Stack: [0x04c00000,0x04c50000],  sp=0x04c4ee5c,  free space=315k
Native frames: (J=compiled Java code, j=interpreted, Vv=VM code, C=native code)
V  [jvm.dll+0x1911e4]
V  [jvm.dll+0x18aff5]
V  [jvm.dll+0x7f686]
V  [jvm.dll+0x1215f]
V  [jvm.dll+0x7fb80]
V  [jvm.dll+0x7fc8c]
V  [jvm.dll+0xa3c83]
V  [jvm.dll+0x8ecc3]
V  [jvm.dll+0x88151]
V  [jvm.dll+0x85777]
V  [jvm.dll+0x7f447]
V  [jvm.dll+0x867b9]
V  [jvm.dll+0x7d2a3]
V  [jvm.dll+0x19f5e6]
V  [jvm.dll+0x1690eb]
V  [jvm.dll+0x1684b1]
V  [jvm.dll+0x1688c7]
V  [jvm.dll+0x168ac2]
V  [jvm.dll+0x1a80f9]
C  [msvcr100.dll+0x5c556]
C  [msvcr100.dll+0x5c600]
C  [KERNEL32.DLL+0x13744]
C  [ntdll.dll+0x5a064]
C  [ntdll.dll+0x5a02f]

VM_Operation (0x052cf288): GenCollectForAllocation, mode: safepoint, requested by thread 0x02a4f400


---------------  P R O C E S S  ---------------

Java Threads: ( => current thread )
  0x02a51400 JavaThread "pool-2-thread-1" [_thread_blocked, id=10608, stack(0x05310000,0x05360000)]
  0x02a4f400 JavaThread "pool-1-thread-1" [_thread_blocked, id=11624, stack(0x05280000,0x052d0000)]
  0x02a4ec00 JavaThread "Service Thread" daemon [_thread_blocked, id=4120, stack(0x04f60000,0x04fb0000)]
  0x02a56800 JavaThread "C1 CompilerThread0" daemon [_thread_blocked, id=11180, stack(0x04ed0000,0x04f20000)]
  0x02a50c00 JavaThread "Attach Listener" daemon [_thread_blocked, id=9484, stack(0x04e40000,0x04e90000)]
  0x02a50000 JavaThread "Signal Dispatcher" daemon [_thread_blocked, id=11876, stack(0x04db0000,0x04e00000)]
  0x029e4400 JavaThread "Finalizer" daemon [_thread_blocked, id=11296, stack(0x04d20000,0x04d70000)]
  0x029df400 JavaThread "Reference Handler" daemon [_thread_blocked, id=12068, stack(0x04c90000,0x04ce0000)]
  0x029bc400 JavaThread "main" [_thread_blocked, id=11864, stack(0x011b0000,0x01200000)]

Other Threads:
=>0x029de000 VMThread [stack: 0x04c00000,0x04c50000] [id=8816]
  0x02a6c800 WatcherThread [stack: 0x04ff0000,0x05040000] [id=2332]

VM state:at safepoint (normal execution)

VM Mutex/Monitor currently owned by a thread:  ([mutex/lock_event])
[0x029bab30] Threads_lock - owner thread: 0x029de000
[0x029bb340] Heap_lock - owner thread: 0x02a4f400

Heap
 def new generation   total 23104K, used 20544K [0x24200000, 0x25b10000, 0x29750000)
  eden space 20544K, 100% used [0x24200000, 0x25610000, 0x25610000)
  from space 2560K,   0% used [0x25610000, 0x25610000, 0x25890000)
  to   space 2560K, 100% used [0x25890000, 0x25b10000, 0x25b10000)
 tenured generation   total 53372K, used 53372K [0x29750000, 0x2cb6f000, 0x34200000)
   the space 53372K, 100% used [0x29750000, 0x2cb6f000, 0x2cb6f000, 0x2cb6f000)
 compacting perm gen  total 12288K, used 1782K [0x34200000, 0x34e00000, 0x38200000)
   the space 12288K,  14% used [0x34200000, 0x343bd938, 0x343bda00, 0x34e00000)
    ro space 10240K,  44% used [0x38200000, 0x3867aee0, 0x3867b000, 0x38c00000)
    rw space 12288K,  52% used [0x38c00000, 0x39242e10, 0x39243000, 0x39800000)

Card table byte_map: [0x04ac0000,0x04b70000] byte_map_base: 0x0499f000

Polling page: 0x00fe0000

Code Cache  [0x02ac0000, 0x02d70000, 0x04ac0000)
 total_blobs=1340 nmethods=1191 adapters=85 free_code_cache=30041Kb largest_free_block=30762688

Compilation events (10 events):
Event: 4.086 Thread 0x02a56800 1187             com.android.dx.dex.code.SimpleInsn::<init> (8 bytes)
Event: 4.086 Thread 0x02a56800 nmethod 1187 0x02d68688 code [0x02d68780, 0x02d6881c]
Event: 4.139 Thread 0x02a56800 1188             com.android.dx.cf.code.LocalVariableList$Item::matchesAllButType (53 bytes)
Event: 4.139 Thread 0x02a56800 nmethod 1188 0x02d68888 code [0x02d68990, 0x02d68acc]
Event: 4.151 Thread 0x02a56800 1189             com.android.dx.rop.code.Rops::pickBinaryOp (158 bytes)
Event: 4.152 Thread 0x02a56800 nmethod 1189 0x02d68c08 code [0x02d68d90, 0x02d69190]
Event: 4.165 Thread 0x02a56800 1190             com.android.dx.ssa.LiteralOpUpgrader$1::visitPhiInsn (1 bytes)
Event: 4.165 Thread 0x02a56800 nmethod 1190 0x02d69588 code [0x02d69680, 0x02d69700]
Event: 4.166 Thread 0x02a56800 1191             com.android.dx.ssa.back.FirstFitLocalCombiningAllocator$1::visitPhiInsn (6 bytes)
Event: 4.166 Thread 0x02a56800 nmethod 1191 0x02d69748 code [0x02d69840, 0x02d698cc]

GC Heap History (10 events):
Event: 3.084 GC heap after
Heap after GC invocations=35 (full 3):
 def new generation   total 22016K, used 2431K [0x24200000, 0x259e0000, 0x29750000)
  eden space 19584K,   0% used [0x24200000, 0x24200000, 0x25520000)
  from space 2432K,  99% used [0x25780000, 0x259dfff8, 0x259e0000)
  to   space 2432K,   0% used [0x25520000, 0x25520000, 0x25780000)
 tenured generation   total 48860K, used 42723K [0x29750000, 0x2c707000, 0x34200000)
   the space 48860K,  87% used [0x29750000, 0x2c108fe0, 0x2c109000, 0x2c707000)
 compacting perm gen  total 12288K, used 1784K [0x34200000, 0x34e00000, 0x38200000)
   the space 12288K,  14% used [0x34200000, 0x343be1a0, 0x343be200, 0x34e00000)
    ro space 10240K,  44% used [0x38200000, 0x3867aee0, 0x3867b000, 0x38c00000)
    rw space 12288K,  52% used [0x38c00000, 0x39242e10, 0x39243000, 0x39800000)
}
Event: 3.185 GC heap before
{Heap before GC invocations=35 (full 3):
 def new generation   total 22016K, used 22015K [0x24200000, 0x259e0000, 0x29750000)
  eden space 19584K, 100% used [0x24200000, 0x25520000, 0x25520000)
  from space 2432K,  99% used [0x25780000, 0x259dfff8, 0x259e0000)
  to   space 2432K,   0% used [0x25520000, 0x25520000, 0x25780000)
 tenured generation   total 48860K, used 42723K [0x29750000, 0x2c707000, 0x34200000)
   the space 48860K,  87% used [0x29750000, 0x2c108fe0, 0x2c109000, 0x2c707000)
 compacting perm gen  total 12288K, used 1784K [0x34200000, 0x34e00000, 0x38200000)
   the space 12288K,  14% used [0x34200000, 0x343be1b0, 0x343be200, 0x34e00000)
    ro space 10240K,  44% used [0x38200000, 0x3867aee0, 0x3867b000, 0x38c00000)
    rw space 12288K,  52% used [0x38c00000, 0x39242e10, 0x39243000, 0x39800000)
Event: 3.207 GC heap after
Heap after GC invocations=36 (full 3):
 def new generation   total 22016K, used 2431K [0x24200000, 0x259e0000, 0x29750000)
  eden space 19584K,   0% used [0x24200000, 0x24200000, 0x25520000)
  from space 2432K,  99% used [0x25520000, 0x2577fff8, 0x25780000)
  to   space 2432K,   0% used [0x25780000, 0x25780000, 0x259e0000)
 tenured generation   total 48860K, used 45446K [0x29750000, 0x2c707000, 0x34200000)
   the space 48860K,  93% used [0x29750000, 0x2c3b19b8, 0x2c3b1a00, 0x2c707000)
 compacting perm gen  total 12288K, used 1784K [0x34200000, 0x34e00000, 0x38200000)
   the space 12288K,  14% used [0x34200000, 0x343be1b0, 0x343be200, 0x34e00000)
    ro space 10240K,  44% used [0x38200000, 0x3867aee0, 0x3867b000, 0x38c00000)
    rw space 12288K,  52% used [0x38c00000, 0x39242e10, 0x39243000, 0x39800000)
}
Event: 3.331 GC heap before
{Heap before GC invocations=36 (full 3):
 def new generation   total 22016K, used 22015K [0x24200000, 0x259e0000, 0x29750000)
  eden space 19584K, 100% used [0x24200000, 0x25520000, 0x25520000)
  from space 2432K,  99% used [0x25520000, 0x2577fff8, 0x25780000)
  to   space 2432K,   0% used [0x25780000, 0x25780000, 0x259e0000)
 tenured generation   total 48860K, used 45446K [0x29750000, 0x2c707000, 0x34200000)
   the space 48860K,  93% used [0x29750000, 0x2c3b19b8, 0x2c3b1a00, 0x2c707000)
 compacting perm gen  total 12288K, used 1784K [0x34200000, 0x34e00000, 0x38200000)
   the space 12288K,  14% used [0x34200000, 0x343be1b0, 0x343be200, 0x34e00000)
    ro space 10240K,  44% used [0x38200000, 0x3867aee0, 0x3867b000, 0x38c00000)
    rw space 12288K,  52% used [0x38c00000, 0x39242e10, 0x39243000, 0x39800000)
Event: 3.355 GC heap after
Heap after GC invocations=37 (full 3):
 def new generation   total 22016K, used 2432K [0x24200000, 0x259e0000, 0x29750000)
  eden space 19584K,   0% used [0x24200000, 0x24200000, 0x25520000)
  from space 2432K, 100% used [0x25780000, 0x259e0000, 0x259e0000)
  to   space 2432K,   0% used [0x25520000, 0x25520000, 0x25780000)
 tenured generation   total 48860K, used 48425K [0x29750000, 0x2c707000, 0x34200000)
   the space 48860K,  99% used [0x29750000, 0x2c69a6a8, 0x2c69a800, 0x2c707000)
 compacting perm gen  total 12288K, used 1784K [0x34200000, 0x34e00000, 0x38200000)
   the space 12288K,  14% used [0x34200000, 0x343be1b0, 0x343be200, 0x34e00000)
    ro space 10240K,  44% used [0x38200000, 0x3867aee0, 0x3867b000, 0x38c00000)
    rw space 12288K,  52% used [0x38c00000, 0x39242e10, 0x39243000, 0x39800000)
}
Event: 3.452 GC heap before
{Heap before GC invocations=37 (full 3):
 def new generation   total 22016K, used 22016K [0x24200000, 0x259e0000, 0x29750000)
  eden space 19584K, 100% used [0x24200000, 0x25520000, 0x25520000)
  from space 2432K, 100% used [0x25780000, 0x259e0000, 0x259e0000)
  to   space 2432K,   0% used [0x25520000, 0x25520000, 0x25780000)
 tenured generation   total 48860K, used 48425K [0x29750000, 0x2c707000, 0x34200000)
   the space 48860K,  99% used [0x29750000, 0x2c69a6a8, 0x2c69a800, 0x2c707000)
 compacting perm gen  total 12288K, used 1784K [0x34200000, 0x34e00000, 0x38200000)
   the space 12288K,  14% used [0x34200000, 0x343be1b0, 0x343be200, 0x34e00000)
    ro space 10240K,  44% used [0x38200000, 0x3867aee0, 0x3867b000, 0x38c00000)
    rw space 12288K,  52% used [0x38c00000, 0x39242e10, 0x39243000, 0x39800000)
Event: 3.703 GC heap after
Heap after GC invocations=38 (full 4):
 def new generation   total 22784K, used 190K [0x24200000, 0x25ab0000, 0x29750000)
  eden space 20288K,   0% used [0x24200000, 0x2422fb00, 0x255d0000)
  from space 2496K,   0% used [0x255d0000, 0x255d0000, 0x25840000)
  to   space 2496K,   0% used [0x25840000, 0x25840000, 0x25ab0000)
 tenured generation   total 50524K, used 50524K [0x29750000, 0x2c8a7000, 0x34200000)
   the space 50524K, 100% used [0x29750000, 0x2c8a7000, 0x2c8a7000, 0x2c8a7000)
 compacting perm gen  total 12288K, used 1781K [0x34200000, 0x34e00000, 0x38200000)
   the space 12288K,  14% used [0x34200000, 0x343bd7d8, 0x343bd800, 0x34e00000)
    ro space 10240K,  44% used [0x38200000, 0x3867aee0, 0x3867b000, 0x38c00000)
    rw space 12288K,  52% used [0x38c00000, 0x39242e10, 0x39243000, 0x39800000)
}
Event: 3.838 GC heap before
{Heap before GC invocations=38 (full 4):
 def new generation   total 22784K, used 20288K [0x24200000, 0x25ab0000, 0x29750000)
  eden space 20288K, 100% used [0x24200000, 0x255d0000, 0x255d0000)
  from space 2496K,   0% used [0x255d0000, 0x255d0000, 0x25840000)
  to   space 2496K,   0% used [0x25840000, 0x25840000, 0x25ab0000)
 tenured generation   total 50524K, used 50524K [0x29750000, 0x2c8a7000, 0x34200000)
   the space 50524K, 100% used [0x29750000, 0x2c8a7000, 0x2c8a7000, 0x2c8a7000)
 compacting perm gen  total 12288K, used 1782K [0x34200000, 0x34e00000, 0x38200000)
   the space 12288K,  14% used [0x34200000, 0x343bd878, 0x343bda00, 0x34e00000)
    ro space 10240K,  44% used [0x38200000, 0x3867aee0, 0x3867b000, 0x38c00000)
    rw space 12288K,  52% used [0x38c00000, 0x39242e10, 0x39243000, 0x39800000)
Event: 4.079 GC heap after
Heap after GC invocations=39 (full 5):
 def new generation   total 23104K, used 2459K [0x24200000, 0x25b10000, 0x29750000)
  eden space 20544K,  11% used [0x24200000, 0x24466ce8, 0x25610000)
  from space 2560K,   0% used [0x25610000, 0x25610000, 0x25890000)
  to   space 2560K,   0% used [0x25890000, 0x25890000, 0x25b10000)
 tenured generation   total 51292K, used 51239K [0x29750000, 0x2c967000, 0x34200000)
   the space 51292K,  99% used [0x29750000, 0x2c959d18, 0x2c959e00, 0x2c967000)
 compacting perm gen  total 12288K, used 1782K [0x34200000, 0x34e00000, 0x38200000)
   the space 12288K,  14% used [0x34200000, 0x343bd878, 0x343bda00, 0x34e00000)
    ro space 10240K,  44% used [0x38200000, 0x3867aee0, 0x3867b000, 0x38c00000)
    rw space 12288K,  52% used [0x38c00000, 0x39242e10, 0x39243000, 0x39800000)
}
Event: 4.170 GC heap before
{Heap before GC invocations=39 (full 5):
 def new generation   total 23104K, used 20544K [0x24200000, 0x25b10000, 0x29750000)
  eden space 20544K, 100% used [0x24200000, 0x25610000, 0x25610000)
  from space 2560K,   0% used [0x25610000, 0x25610000, 0x25890000)
  to   space 2560K,   0% used [0x25890000, 0x25890000, 0x25b10000)
 tenured generation   total 51292K, used 51239K [0x29750000, 0x2c967000, 0x34200000)
   the space 51292K,  99% used [0x29750000, 0x2c959d18, 0x2c959e00, 0x2c967000)
 compacting perm gen  total 12288K, used 1782K [0x34200000, 0x34e00000, 0x38200000)
   the space 12288K,  14% used [0x34200000, 0x343bd938, 0x343bda00, 0x34e00000)
    ro space 10240K,  44% used [0x38200000, 0x3867aee0, 0x3867b000, 0x38c00000)
    rw space 12288K,  52% used [0x38c00000, 0x39242e10, 0x39243000, 0x39800000)

Deoptimization events (0 events):
No events

Internal exceptions (10 events):
Event: 1.731 Thread 0x029bc400 Threw 0x24935f28 at C:\re\jdk7u71\1605\hotspot\src\share\vm\prims\jvm.cpp:1281
Event: 1.731 Thread 0x029bc400 Threw 0x24938318 at C:\re\jdk7u71\1605\hotspot\src\share\vm\prims\jvm.cpp:1281
Event: 1.739 Thread 0x02a4f400 Threw 0x24a30ed0 at C:\re\jdk7u71\1605\hotspot\src\share\vm\prims\jvm.cpp:1281
Event: 1.751 Thread 0x029bc400 Threw 0x24c21988 at C:\re\jdk7u71\1605\hotspot\src\share\vm\prims\jvm.cpp:1281
Event: 1.757 Thread 0x029bc400 Threw 0x24cb17a0 at C:\re\jdk7u71\1605\hotspot\src\share\vm\prims\jvm.cpp:1281
Event: 1.814 Thread 0x029bc400 Threw 0x2470bac0 at C:\re\jdk7u71\1605\hotspot\src\share\vm\prims\jvm.cpp:1281
Event: 1.814 Thread 0x029bc400 Threw 0x2474cd00 at C:\re\jdk7u71\1605\hotspot\src\share\vm\prims\jvm.cpp:1281
Event: 1.817 Thread 0x029bc400 Threw 0x247fce48 at C:\re\jdk7u71\1605\hotspot\src\share\vm\prims\jvm.cpp:1281
Event: 1.818 Thread 0x029bc400 Threw 0x24802878 at C:\re\jdk7u71\1605\hotspot\src\share\vm\prims\jvm.cpp:1281
Event: 1.819 Thread 0x029bc400 Threw 0x24807fc0 at C:\re\jdk7u71\1605\hotspot\src\share\vm\prims\jvm.cpp:1281

Events (10 events):
Event: 3.207 Executing VM operation: GenCollectForAllocation done
Event: 3.331 Executing VM operation: GenCollectForAllocation
Event: 3.355 Executing VM operation: GenCollectForAllocation done
Event: 3.452 Executing VM operation: GenCollectForAllocation
Event: 3.704 Executing VM operation: GenCollectForAllocation done
Event: 3.838 Executing VM operation: GenCollectForAllocation
Event: 4.079 Executing VM operation: GenCollectForAllocation done
Event: 4.117 Executing VM operation: EnableBiasedLocking
Event: 4.117 Executing VM operation: EnableBiasedLocking done
Event: 4.170 Executing VM operation: GenCollectForAllocation


Dynamic libraries:
0x01210000 - 0x0123f000 	C:\Program Files (x86)\Java\jdk1.7.0_71\bin\java.exe
0x77100000 - 0x77279000 	C:\WINDOWS\SYSTEM32\ntdll.dll
0x74280000 - 0x74370000 	C:\WINDOWS\SYSTEM32\KERNEL32.DLL
0x74550000 - 0x746c6000 	C:\WINDOWS\SYSTEM32\KERNELBASE.dll
0x71740000 - 0x717d1000 	C:\WINDOWS\system32\apphelp.dll
0x76d70000 - 0x76deb000 	C:\WINDOWS\SYSTEM32\ADVAPI32.dll
0x74370000 - 0x7442e000 	C:\WINDOWS\SYSTEM32\msvcrt.dll
0x76df0000 - 0x76e33000 	C:\WINDOWS\SYSTEM32\sechost.dll
0x76e50000 - 0x76efc000 	C:\WINDOWS\SYSTEM32\RPCRT4.dll
0x74210000 - 0x7422e000 	C:\WINDOWS\SYSTEM32\SspiCli.dll
0x74200000 - 0x7420a000 	C:\WINDOWS\SYSTEM32\CRYPTBASE.dll
0x741a0000 - 0x741f9000 	C:\WINDOWS\SYSTEM32\bcryptPrimitives.dll
0x753a0000 - 0x754e0000 	C:\WINDOWS\SYSTEM32\USER32.dll
0x76c10000 - 0x76d5d000 	C:\WINDOWS\SYSTEM32\GDI32.dll
0x71bd0000 - 0x71dd9000 	C:\WINDOWS\WinSxS\x86_microsoft.windows.common-controls_6595b64144ccf1df_6.0.10240.16384_none_3bccb1ff6bcd1849\COMCTL32.dll
0x74d70000 - 0x74d9b000 	C:\WINDOWS\SYSTEM32\IMM32.DLL
0x74430000 - 0x74550000 	C:\WINDOWS\SYSTEM32\MSCTF.dll
0x59670000 - 0x5972f000 	C:\Program Files (x86)\Java\jdk1.7.0_71\jre\bin\msvcr100.dll
0x58fc0000 - 0x59349000 	C:\Program Files (x86)\Java\jdk1.7.0_71\jre\bin\client\jvm.dll
0x769f0000 - 0x769f6000 	C:\WINDOWS\SYSTEM32\PSAPI.DLL
0x73380000 - 0x73388000 	C:\WINDOWS\SYSTEM32\WSOCK32.dll
0x76a00000 - 0x76a5c000 	C:\WINDOWS\SYSTEM32\WS2_32.dll
0x76f00000 - 0x76f07000 	C:\WINDOWS\SYSTEM32\NSI.dll
0x72e80000 - 0x72ea4000 	C:\WINDOWS\SYSTEM32\WINMM.dll
0x72e50000 - 0x72e73000 	C:\WINDOWS\SYSTEM32\WINMMBASE.dll
0x74db0000 - 0x74de6000 	C:\WINDOWS\SYSTEM32\cfgmgr32.dll
0x73840000 - 0x73861000 	C:\WINDOWS\SYSTEM32\DEVOBJ.dll
0x667c0000 - 0x667cc000 	C:\Program Files (x86)\Java\jdk1.7.0_71\jre\bin\verify.dll
0x667a0000 - 0x667c0000 	C:\Program Files (x86)\Java\jdk1.7.0_71\jre\bin\java.dll
0x61790000 - 0x617a3000 	C:\Program Files (x86)\Java\jdk1.7.0_71\jre\bin\zip.dll
0x616c0000 - 0x616d4000 	C:\Program Files (x86)\Java\jdk1.7.0_71\jre\bin\net.dll
0x73870000 - 0x738be000 	C:\WINDOWS\system32\mswsock.dll
0x66730000 - 0x6673f000 	C:\Program Files (x86)\Java\jdk1.7.0_71\jre\bin\nio.dll

VM Arguments:
java_command: C:\Users\Grandma\AppData\Local\Android\android-sdk\build-tools\23.0.1\\lib\dx.jar --no-strict --dex --output=obj\Debug\android\bin obj\Debug\android\bin\classes C:\Program Files (x86)\Reference Assemblies\Microsoft\Framework\MonoAndroid\v5.1\mono.android.jar C:\Users\Grandma\Documents\Xamarin\Peni\Peni\Droid\obj\Debug\__library_projects__\FormsViewGroup\library_project_imports\formsviewgroup.jar C:\Users\Grandma\AppData\Local\Xamarin\Android.Support.v4\22.2.1\embedded\classes.jar C:\Users\Grandma\AppData\Local\Xamarin\Android.Support.v4\22.2.1\embedded\libs\internal_impl-22.2.1.jar C:\Users\Grandma\AppData\Local\Xamarin\Android.Support.v7.RecyclerView\22.1.1\embedded\classes.jar
Launcher Type: SUN_STANDARD

Environment Variables:
PATH=C:\Program Files (x86)\GtkSharp\2.12\\bin;C:\Program Files (x86)\Intel\iCLS Client\;C:\Program Files\Intel\iCLS Client\;C:\WINDOWS\system32;C:\WINDOWS;C:\WINDOWS\System32\Wbem;C:\WINDOWS\System32\WindowsPowerShell\v1.0\;C:\Program Files (x86)\Intel\OpenCL SDK\2.0\bin\x86;C:\Program Files (x86)\Intel\OpenCL SDK\2.0\bin\x64;C:\Program Files\Intel\Intel(R) Management Engine Components\DAL;C:\Program Files\Intel\Intel(R) Management Engine Components\IPT;C:\Program Files (x86)\Intel\Intel(R) Management Engine Components\DAL;C:\Program Files (x86)\Intel\Intel(R) Management Engine Components\IPT;C:\Program Files (x86)\GtkSharp\2.12\bin;C:\Program Files\MATLAB\R2011a\runtime\win64;C:\Program Files\MATLAB\R2011a\bin;C:\Program Files (x86)\Skype\Phone\;USERPROFILE\.dnx\bin;C:\Program Files\Microsoft DNX\Dnvm\;C:\Users\Grandma\AppData\Local\Code\bin
USERNAME=Grandma
OS=Windows_NT
PROCESSOR_IDENTIFIER=Intel64 Family 6 Model 58 Stepping 9, GenuineIntel



---------------  S Y S T E M  ---------------

OS: Windows 8.1 , 64 bit Build 9600 

CPU:total 4 (2 cores per cpu, 2 threads per core) family 6 model 58 stepping 9, cmov, cx8, fxsr, mmx, sse, sse2, sse3, ssse3, sse4.1, sse4.2, popcnt, avx, erms, ht, tsc, tscinvbit, tscinv

Memory: 4k page, physical 4077348k(435152k free), swap 11138540k(0k free)

vm_info: Java HotSpot(TM) Client VM (24.71-b01) for windows-x86 JRE (1.7.0_71-b14), built on Sep 26 2014 16:30:49 by "java_re" with unknown MS VC++:1600

time: Sun Oct 04 20:03:56 2015
elapsed time: 4 seconds

